<?xml version="1.0" encoding="UTF-8"?>
<!-- Generated by org.testng.reporters.JUnitReportReporter -->
<testsuite hostname="DESKTOP-6EJMFVQ" failures="0" tests="4" name="api.test.UserTests" time="9.351" errors="0" timestamp="2024-05-06T17:51:29 IST" skipped="0">
  <testcase classname="api.test.UserTests" name="testPostUser" time="4.605"/>
  <testcase classname="api.test.UserTests" name="testGetUserByName" time="1.242"/>
  <testcase classname="api.test.UserTests" name="testUpdateUserByName" time="2.335"/>
  <testcase classname="api.test.UserTests" name="testDeleteUserByName" time="1.169"/>
</testsuite> <!-- api.test.UserTests -->
