<?xml version="1.0" encoding="UTF-8"?>
<!-- Generated by org.testng.reporters.JUnitReportReporter -->
<testsuite hostname="DESKTOP-6EJMFVQ" failures="0" tests="4" name="api.test.UserTests2" time="10.363" errors="0" timestamp="2024-05-07T12:53:04 IST" skipped="0">
  <testcase classname="api.test.UserTests2" name="testPostUser" time="4.268"/>
  <testcase classname="api.test.UserTests2" name="testGetUserByName" time="1.538"/>
  <testcase classname="api.test.UserTests2" name="testUpdateUserByName" time="3.032"/>
  <testcase classname="api.test.UserTests2" name="testDeleteUserByName" time="1.525"/>
</testsuite> <!-- api.test.UserTests2 -->
